# JRE version: Java(TM) SE Runtime Environment (21.0.9+7) (build 21.0.9+7-LTS-338)
# Java VM: Java HotSpot(TM) 64-Bit Server VM (21.0.9+7-LTS-338, mixed mode, emulated-client, sharing, tiered, compressed oops, compressed class ptrs, g1 gc, windows-amd64)
GC Precious Log:
 CardTable entry size: 512
 Card Set container configuration: InlinePtr #cards 4 size 8 Array Of Cards #cards 16 size 48 Howl #buckets 8 coarsen threshold 3686 Howl Bitmap #cards 512 size 80 coarsen threshold 460 Card regions per heap region 1 cards per card region 4096
 CPUs: 4 total, 4 available
 Memory: 16253M
 Large Page Support: Disabled
 NUMA Support: Disabled
 Compressed Oops: Enabled (Zero based)
 Heap Region Size: 2M
 Heap Min Capacity: 8M
 Heap Initial Capacity: 254M
 Heap Max Capacity: 4064M
 Pre-touch: Disabled
 Parallel Workers: 4
 Concurrent Workers: 1
 Concurrent Refinement Workers: 4
 Periodic GC: Disabled
Heap:
 garbage-first heap   total 81920K, used 66714K [0x0000000702000000, 0x0000000800000000)
  region size 2048K, 21 young (43008K), 2 survivors (4096K)
 Metaspace       used 79887K, committed 80704K, reserved 1179648K
  class space    used 10880K, committed 11264K, reserved 1048576K
GC Heap History (20 events):
Event: 7.170 GC heap before
{Heap before GC invocations=6 (full 0):
 garbage-first heap   total 49152K, used 31963K [0x0000000702000000, 0x0000000800000000)
  region size 2048K, 12 young (24576K), 2 survivors (4096K)
 Metaspace       used 28129K, committed 28544K, reserved 1114112K
  class space    used 3531K, committed 3712K, reserved 1048576K
}
Event: 7.175 GC heap after
{Heap after GC invocations=7 (full 0):
 garbage-first heap   total 49152K, used 15333K [0x0000000702000000, 0x0000000800000000)
  region size 2048K, 2 young (4096K), 2 survivors (4096K)
 Metaspace       used 28129K, committed 28544K, reserved 1114112K
  class space    used 3531K, committed 3712K, reserved 1048576K
}
Event: 7.841 GC heap before
{Heap before GC invocations=7 (full 0):
 garbage-first heap   total 49152K, used 37861K [0x0000000702000000, 0x0000000800000000)
  region size 2048K, 13 young (26624K), 2 survivors (4096K)
 Metaspace       used 29934K, committed 30336K, reserved 1114112K
  class space    used 3774K, committed 3968K, reserved 1048576K
}
Event: 7.848 GC heap after
{Heap after GC invocations=8 (full 0):
 garbage-first heap   total 49152K, used 16347K [0x0000000702000000, 0x0000000800000000)
  region size 2048K, 2 young (4096K), 2 survivors (4096K)
 Metaspace       used 29934K, committed 30336K, reserved 1114112K
  class space    used 3774K, committed 3968K, reserved 1048576K
}
Event: 8.758 GC heap before
{Heap before GC invocations=8 (full 0):
 garbage-first heap   total 49152K, used 38875K [0x0000000702000000, 0x0000000800000000)
  region size 2048K, 13 young (26624K), 2 survivors (4096K)
 Metaspace       used 32515K, committed 32896K, reserved 1114112K
  class space    used 4135K, committed 4288K, reserved 1048576K
}
Event: 8.765 GC heap after
{Heap after GC invocations=9 (full 0):
 garbage-first heap   total 49152K, used 17608K [0x0000000702000000, 0x0000000800000000)
  region size 2048K, 2 young (4096K), 2 survivors (4096K)
 Metaspace       used 32515K, committed 32896K, reserved 1114112K
  class space    used 4135K, committed 4288K, reserved 1048576K
}
Event: 9.738 GC heap before
{Heap before GC invocations=9 (full 0):
 garbage-first heap   total 49152K, used 38088K [0x0000000702000000, 0x0000000800000000)
  region size 2048K, 12 young (24576K), 2 survivors (4096K)
 Metaspace       used 35290K, committed 35776K, reserved 1114112K
  class space    used 4602K, committed 4800K, reserved 1048576K
}
Event: 9.749 GC heap after
{Heap after GC invocations=10 (full 0):
 garbage-first heap   total 49152K, used 20141K [0x0000000702000000, 0x0000000800000000)
  region size 2048K, 2 young (4096K), 2 survivors (4096K)
 Metaspace       used 35290K, committed 35776K, reserved 1114112K
  class space    used 4602K, committed 4800K, reserved 1048576K
}
Event: 9.786 GC heap before
{Heap before GC invocations=10 (full 0):
 garbage-first heap   total 49152K, used 20141K [0x0000000702000000, 0x0000000800000000)
  region size 2048K, 3 young (6144K), 2 survivors (4096K)
 Metaspace       used 35494K, committed 35968K, reserved 1114112K
  class space    used 4625K, committed 4864K, reserved 1048576K
}
Event: 9.795 GC heap after
{Heap after GC invocations=11 (full 0):
 garbage-first heap   total 155648K, used 20489K [0x0000000702000000, 0x0000000800000000)
  region size 2048K, 1 young (2048K), 1 survivors (2048K)
 Metaspace       used 35494K, committed 35968K, reserved 1114112K
  class space    used 4625K, committed 4864K, reserved 1048576K
}
Event: 11.370 GC heap before
{Heap before GC invocations=12 (full 0):
 garbage-first heap   total 81920K, used 65545K [0x0000000702000000, 0x0000000800000000)
  region size 2048K, 24 young (49152K), 1 survivors (2048K)
 Metaspace       used 44006K, committed 44544K, reserved 1114112K
  class space    used 5827K, committed 6080K, reserved 1048576K
}
Event: 11.376 GC heap after
{Heap after GC invocations=13 (full 0):
 garbage-first heap   total 81920K, used 22934K [0x0000000702000000, 0x0000000800000000)
  region size 2048K, 2 young (4096K), 2 survivors (4096K)
 Metaspace       used 44006K, committed 44544K, reserved 1114112K
  class space    used 5827K, committed 6080K, reserved 1048576K
}
Event: 12.557 GC heap before
{Heap before GC invocations=13 (full 0):
 garbage-first heap   total 81920K, used 67990K [0x0000000702000000, 0x0000000800000000)
  region size 2048K, 24 young (49152K), 2 survivors (4096K)
 Metaspace       used 54062K, committed 54656K, reserved 1114112K
  class space    used 7098K, committed 7360K, reserved 1048576K
}
Event: 12.566 GC heap after
{Heap after GC invocations=14 (full 0):
 garbage-first heap   total 81920K, used 24716K [0x0000000702000000, 0x0000000800000000)
  region size 2048K, 3 young (6144K), 3 survivors (6144K)
 Metaspace       used 54062K, committed 54656K, reserved 1114112K
  class space    used 7098K, committed 7360K, reserved 1048576K
}
Event: 13.247 GC heap before
{Heap before GC invocations=14 (full 0):
 garbage-first heap   total 81920K, used 45196K [0x0000000702000000, 0x0000000800000000)
  region size 2048K, 14 young (28672K), 3 survivors (6144K)
 Metaspace       used 59839K, committed 60416K, reserved 1114112K
  class space    used 7963K, committed 8256K, reserved 1048576K
}
Event: 13.259 GC heap after
{Heap after GC invocations=15 (full 0):
 garbage-first heap   total 81920K, used 25914K [0x0000000702000000, 0x0000000800000000)
  region size 2048K, 2 young (4096K), 2 survivors (4096K)
 Metaspace       used 59839K, committed 60416K, reserved 1114112K
  class space    used 7963K, committed 8256K, reserved 1048576K
}
Event: 14.823 GC heap before
{Heap before GC invocations=16 (full 0):
 garbage-first heap   total 81920K, used 70970K [0x0000000702000000, 0x0000000800000000)
  region size 2048K, 24 young (49152K), 2 survivors (4096K)
 Metaspace       used 67213K, committed 67904K, reserved 1114112K
  class space    used 9140K, committed 9472K, reserved 1048576K
}
Event: 14.833 GC heap after
{Heap after GC invocations=17 (full 0):
 garbage-first heap   total 81920K, used 29051K [0x0000000702000000, 0x0000000800000000)
  region size 2048K, 3 young (6144K), 3 survivors (6144K)
 Metaspace       used 67213K, committed 67904K, reserved 1114112K
  class space    used 9140K, committed 9472K, reserved 1048576K
}
Event: 45.364 GC heap before
{Heap before GC invocations=17 (full 0):
 garbage-first heap   total 81920K, used 67963K [0x0000000702000000, 0x0000000800000000)
  region size 2048K, 23 young (47104K), 3 survivors (6144K)
 Metaspace       used 73017K, committed 73728K, reserved 1114112K
  class space    used 9925K, committed 10240K, reserved 1048576K
}
Event: 45.384 GC heap after
{Heap after GC invocations=18 (full 0):
 garbage-first heap   total 81920K, used 31898K [0x0000000702000000, 0x0000000800000000)
  region size 2048K, 2 young (4096K), 2 survivors (4096K)
 Metaspace       used 73017K, committed 73728K, reserved 1114112K
  class space    used 9925K, committed 10240K, reserved 1048576K
}

